<?xml version="1.0" encoding="UTF-8"?>
<!-- Generated by org.testng.reporters.JUnitReportReporter -->
<testsuite hostname="DESKTOP-AR93RU0" failures="0" tests="2" name="Academy.HomePage" time="17.703" errors="0" timestamp="2019-09-27T08:53:40 IDT" skipped="0">
  <testcase classname="Academy.HomePage" name="basePageNavigation" time="5.057"/>
  <testcase classname="Academy.HomePage" name="basePageNavigation" time="12.646"/>
</testsuite> <!-- Academy.HomePage -->
