<?xml version="1.0" encoding="UTF-8"?>
<!-- Generated by org.testng.reporters.JUnitReportReporter -->
<testsuite hostname="DESKTOP-AR93RU0" failures="0" tests="2" name="Academy.validateTitle" time="0.139" errors="0" timestamp="2019-09-27T08:53:40 IDT" skipped="0">
  <testcase classname="Academy.validateTitle" name="validateTitleHeader" time="0.046"/>
  <testcase classname="Academy.validateTitle" name="validateAppTitle" time="0.093"/>
</testsuite> <!-- Academy.validateTitle -->
