<?xml version="1.0" encoding="UTF-8"?>
<!-- Generated by org.testng.reporters.JUnitReportReporter -->
<testsuite hostname="DESKTOP-AR93RU0" failures="0" tests="1" name="Academy.validateNavigationBar" time="0.144" errors="0" timestamp="2019-09-23T20:47:51 IDT" skipped="0">
  <testcase classname="Academy.validateNavigationBar" name="validateAppNavBar" time="0.144"/>
</testsuite> <!-- Academy.validateNavigationBar -->
