<?xml version="1.0" encoding="UTF-8"?>
<!-- Generated by org.testng.reporters.JUnitReportReporter -->
<testsuite hostname="DESKTOP-AR93RU0" failures="0" tests="1" name="Academy.validateNavigationBar" time="0.079" errors="0" timestamp="24 Sep 2019 05:36:05 GMT">
  <testcase classname="Academy.validateNavigationBar" name="validateAppNavBar" time="0.079"/>
</testsuite> <!-- Academy.validateNavigationBar -->
