<?xml version="1.0" encoding="UTF-8"?>
<!-- Generated by org.testng.reporters.JUnitReportReporter -->
<testsuite hostname="DESKTOP-AR93RU0" failures="0" tests="2" name="Academy.HomePage" time="15.276" errors="0" timestamp="24 Sep 2019 05:36:06 GMT">
  <testcase classname="Academy.HomePage" name="basePageNavigation" time="10.781"/>
  <testcase classname="Academy.HomePage" name="basePageNavigation" time="4.495"/>
</testsuite> <!-- Academy.HomePage -->
