<?xml version="1.0" encoding="UTF-8"?>
<!-- Generated by org.testng.reporters.JUnitReportReporter -->
<testsuite hostname="DESKTOP-AR93RU0" failures="0" tests="2" name="Academy.validateTitle" time="0.077" errors="0" timestamp="24 Sep 2019 05:36:05 GMT">
  <testcase classname="Academy.validateTitle" name="validateTitleHeader" time="0.034"/>
  <testcase classname="Academy.validateTitle" name="validateAppTitle" time="0.043"/>
</testsuite> <!-- Academy.validateTitle -->
